<?xml version="1.0" encoding="UTF-8"?>
<testng-results total="1" passed="1" failed="0" skipped="0">
  <reporter-output>
  </reporter-output>
  <suite started-at="2024-07-29T15:49:27Z" name="Default suite" finished-at="2024-07-29T15:49:32Z" duration-ms="4718">
    <groups>
    </groups>
    <test started-at="2024-07-29T15:49:27Z" name="Default test" finished-at="2024-07-29T15:49:32Z" duration-ms="4718">
      <class name="atb6xRestAssuredLearning.RestAssured.Operations.DeleteRequest.DeleteRequest">
        <test-method signature="postRequest()[pri:0, instance:atb6xRestAssuredLearning.RestAssured.Operations.DeleteRequest.DeleteRequest@1931d99]" started-at="2024-07-29T21:19:27Z" name="postRequest" finished-at="2024-07-29T21:19:32Z" duration-ms="4524" status="PASS">
          <reporter-output>
          </reporter-output>
        </test-method> <!-- postRequest -->
      </class> <!-- atb6xRestAssuredLearning.RestAssured.Operations.DeleteRequest.DeleteRequest -->
    </test> <!-- Default test -->
  </suite> <!-- Default suite -->
</testng-results>
