<?xml version="1.0" encoding="UTF-8"?>
<!-- Generated by org.testng.reporters.JUnitXMLReporter -->
<testsuite hostname="GOWTHAM" failures="0" tests="2" name="RestAssured" time="6.639" errors="0" timestamp="29 Jul 2024 13:51:36 GMT">
  <testcase classname="atb6xRestAssuredLearning.RestAssured.Operations.NonBDDStyle$NonBDDStyleNegative" name="getRequest" time="4.699"/>
  <testcase classname="atb6xRestAssuredLearning.RestAssured.Operations.NonBDDStyle" name="getRequest" time="1.84"/>
</testsuite> <!-- RestAssured -->
